Using pre-set license
Built from '2021.3/staging' branch; Version is '2021.3.20f1 (577897200b8b) revision 5732503'; Using compiler version '192829333'; Build Type 'Release'
OS: 'Windows 11  (10.0.22621) 64bit Professional' Language: 'uk' Physical Memory: 31996 MB
BatchMode: 1, IsHumanControllingUs: 0, StartBugReporterOnCrash: 0, Is64bit: 1, IsPro: 1

COMMAND LINE ARGUMENTS:
D:\Unity\Editor\2021.3.20f1\Editor\Unity.exe
-adb2
-batchMode
-noUpm
-name
AssetImportWorker0
-projectPath
D:/Копии проектов/Tanks2
-logFile
Logs/AssetImportWorker0.log
-srvPort
50302
Successfully changed project path to: D:/Копии проектов/Tanks2
D:/Копии проектов/Tanks2
[UnityMemory] Configuration Parameters - Can be set up in boot.config
    "memorysetup-bucket-allocator-granularity=16"
    "memorysetup-bucket-allocator-bucket-count=8"
    "memorysetup-bucket-allocator-block-size=33554432"
    "memorysetup-bucket-allocator-block-count=8"
    "memorysetup-main-allocator-block-size=16777216"
    "memorysetup-thread-allocator-block-size=16777216"
    "memorysetup-gfx-main-allocator-block-size=16777216"
    "memorysetup-gfx-thread-allocator-block-size=16777216"
    "memorysetup-cache-allocator-block-size=4194304"
    "memorysetup-typetree-allocator-block-size=2097152"
    "memorysetup-profiler-bucket-allocator-granularity=16"
    "memorysetup-profiler-bucket-allocator-bucket-count=8"
    "memorysetup-profiler-bucket-allocator-block-size=33554432"
    "memorysetup-profiler-bucket-allocator-block-count=8"
    "memorysetup-profiler-allocator-block-size=16777216"
    "memorysetup-profiler-editor-allocator-block-size=1048576"
    "memorysetup-temp-allocator-size-main=16777216"
    "memorysetup-job-temp-allocator-block-size=2097152"
    "memorysetup-job-temp-allocator-block-size-background=1048576"
    "memorysetup-job-temp-allocator-reduction-small-platforms=262144"
    "memorysetup-temp-allocator-size-background-worker=32768"
    "memorysetup-temp-allocator-size-job-worker=262144"
    "memorysetup-temp-allocator-size-preload-manager=33554432"
    "memorysetup-temp-allocator-size-nav-mesh-worker=65536"
    "memorysetup-temp-allocator-size-audio-worker=65536"
    "memorysetup-temp-allocator-size-cloud-worker=32768"
    "memorysetup-temp-allocator-size-gi-baking-worker=262144"
    "memorysetup-temp-allocator-size-gfx=262144"
Player connection [21140] Host "[IP] 26.165.68.255 [Port] 0 [Flags] 2 [Guid] 2496724902 [EditorId] 2496724902 [Version] 1048832 [Id] WindowsEditor(7,DESKTOP-2Q435JA) [Debug] 1 [PackageName] WindowsEditor [ProjectName] Editor" joined multi-casting on [225.0.0.222:54997]...

Player connection [21140] Host "[IP] 26.165.68.255 [Port] 0 [Flags] 2 [Guid] 2496724902 [EditorId] 2496724902 [Version] 1048832 [Id] WindowsEditor(7,DESKTOP-2Q435JA) [Debug] 1 [PackageName] WindowsEditor [ProjectName] Editor" joined alternative multi-casting on [225.0.0.222:34997]...

Refreshing native plugins compatible for Editor in 63.17 ms, found 3 plugins.
Preloading 0 native plugins for Editor in 0.00 ms.
Initialize engine version: 2021.3.20f1 (577897200b8b)
[Subsystems] Discovering subsystems at path D:/Unity/Editor/2021.3.20f1/Editor/Data/Resources/UnitySubsystems
[Subsystems] Discovering subsystems at path D:/Копии проектов/Tanks2/Assets
GfxDevice: creating device client; threaded=0; jobified=0
Direct3D:
    Version:  Direct3D 11.0 [level 11.1]
    Renderer: NVIDIA GeForce RTX 3070 Ti Laptop GPU (ID=0x24a0)
    Vendor:   NVIDIA
    VRAM:     8032 MB
    Driver:   31.0.15.3640
Shader 'Galactic Sudios/Ultra Emissive Particles': fallback shader 'ParticleAdditive' not found
Initialize mono
Mono path[0] = 'D:/Unity/Editor/2021.3.20f1/Editor/Data/Managed'
Mono path[1] = 'D:/Unity/Editor/2021.3.20f1/Editor/Data/MonoBleedingEdge/lib/mono/unityjit-win32'
Mono config path = 'D:/Unity/Editor/2021.3.20f1/Editor/Data/MonoBleedingEdge/etc'
Using monoOptions --debugger-agent=transport=dt_socket,embedding=1,server=y,suspend=n,address=127.0.0.1:56760
Begin MonoManager ReloadAssembly
Registering precompiled unity dll's ...
Register platform support module: D:/Unity/Editor/2021.3.20f1/Editor/Data/PlaybackEngines/WebGLSupport/UnityEditor.WebGL.Extensions.dll
Register platform support module: D:/Unity/Editor/2021.3.20f1/Editor/Data/PlaybackEngines/WindowsStandaloneSupport/UnityEditor.WindowsStandalone.Extensions.dll
Registered in 0.001835 seconds.
Native extension for WindowsStandalone target not found
Native extension for WebGL target not found
Refreshing native plugins compatible for Editor in 63.87 ms, found 3 plugins.
Preloading 0 native plugins for Editor in 0.00 ms.
Mono: successfully reloaded assembly
- Completed reload, in  0.486 seconds
Domain Reload Profiling:
	ReloadAssembly (486ms)
		BeginReloadAssembly (60ms)
			ExecutionOrderSort (0ms)
			DisableScriptedObjects (0ms)
			BackupInstance (0ms)
			ReleaseScriptingObjects (0ms)
			CreateAndSetChildDomain (1ms)
		EndReloadAssembly (359ms)
			LoadAssemblies (59ms)
			RebuildTransferFunctionScriptingTraits (0ms)
			SetupTypeCache (88ms)
			ReleaseScriptCaches (0ms)
			RebuildScriptCaches (20ms)
			SetupLoadedEditorAssemblies (216ms)
				LogAssemblyErrors (0ms)
				InitializePlatformSupportModulesInManaged (6ms)
				SetLoadedEditorAssemblies (0ms)
				RefreshPlugins (64ms)
				BeforeProcessingInitializeOnLoad (1ms)
				ProcessInitializeOnLoadAttributes (111ms)
				ProcessInitializeOnLoadMethodAttributes (34ms)
				AfterProcessingInitializeOnLoad (0ms)
				EditorAssembliesLoaded (0ms)
			ExecutionOrderSort2 (0ms)
			AwakeInstancesAfterBackupRestoration (0ms)
Platform modules already initialized, skipping
Registering precompiled user dll's ...
Registered in 0.002738 seconds.
Begin MonoManager ReloadAssembly
Symbol file LoadedFromMemory doesn't match image D:\Копии проектов\Tanks2\Library\PackageCache\com.unity.visualscripting@1.8.0\Editor\VisualScripting.Core\Dependencies\YamlDotNet\Unity.VisualScripting.YamlDotNet.dll
Symbol file LoadedFromMemory doesn't match image D:\Копии проектов\Tanks2\Library\PackageCache\com.unity.visualscripting@1.8.0\Editor\VisualScripting.Core\Dependencies\DotNetZip\Unity.VisualScripting.IonicZip.dll
Native extension for WindowsStandalone target not found
Native extension for WebGL target not found
Refreshing native plugins compatible for Editor in 0.72 ms, found 3 plugins.
Preloading 0 native plugins for Editor in 0.00 ms.
Mono: successfully reloaded assembly
- Completed reload, in  0.899 seconds
Domain Reload Profiling:
	ReloadAssembly (899ms)
		BeginReloadAssembly (93ms)
			ExecutionOrderSort (0ms)
			DisableScriptedObjects (6ms)
			BackupInstance (0ms)
			ReleaseScriptingObjects (0ms)
			CreateAndSetChildDomain (19ms)
		EndReloadAssembly (731ms)
			LoadAssemblies (61ms)
			RebuildTransferFunctionScriptingTraits (0ms)
			SetupTypeCache (308ms)
			ReleaseScriptCaches (1ms)
			RebuildScriptCaches (45ms)
			SetupLoadedEditorAssemblies (279ms)
				LogAssemblyErrors (0ms)
				InitializePlatformSupportModulesInManaged (5ms)
				SetLoadedEditorAssemblies (1ms)
				RefreshPlugins (1ms)
				BeforeProcessingInitializeOnLoad (65ms)
				ProcessInitializeOnLoadAttributes (192ms)
				ProcessInitializeOnLoadMethodAttributes (15ms)
				AfterProcessingInitializeOnLoad (2ms)
				EditorAssembliesLoaded (0ms)
			ExecutionOrderSort2 (0ms)
			AwakeInstancesAfterBackupRestoration (5ms)
Platform modules already initialized, skipping
========================================================================
Worker process is ready to serve import requests
Shader 'Galactic Sudios/Ultra Emissive Particles': fallback shader 'ParticleAdditive' not found
Launched and connected shader compiler UnityShaderCompiler.exe after 0.06 seconds
Refreshing native plugins compatible for Editor in 0.64 ms, found 3 plugins.
Preloading 0 native plugins for Editor in 0.00 ms.
Unloading 3106 Unused Serialized files (Serialized files now loaded: 0)
Unloading 24 unused Assets / (113.9 KB). Loaded Objects now: 3569.
Memory consumption went from 111.6 MB to 111.5 MB.
Total: 3.177200 ms (FindLiveObjects: 0.242800 ms CreateObjectMapping: 0.189800 ms MarkObjects: 2.648600 ms  DeleteObjects: 0.095100 ms)

AssetImportParameters requested are different than current active one (requested -> active):
  custom:video-decoder-ogg-theora: a1e56fd34408186e4bbccfd4996cb3dc -> 
  custom:container-muxer-webm: aa71ff27fc2769a1b78a27578f13a17b -> 
  custom:container-demuxer-webm: 4f35f7cbe854078d1ac9338744f61a02 -> 
  custom:video-encoder-webm-vp8: eb34c28f22e8b96e1ab97ce403110664 -> 
  custom:audio-encoder-webm-vorbis: bf7c407c2cedff20999df2af8eb42d56 -> 
  custom:framework-win-MediaFoundation: 216162199b28c13a410421893ffa2e32 -> 
  custom:container-demuxer-ogg: 62fdf1f143b41e24485cea50d1cbac27 -> 
  custom:video-decoder-webm-vp8: 9c59270c3fd7afecdb556c50c9e8de78 -> 
  custom:audio-decoder-ogg-vorbis: bf7c407c2cedff20999df2af8eb42d56 -> 
========================================================================
Received Import Request.
  Time since last request: 188452.284307 seconds.
  path: Assets/UI/Mini tank img
  artifactKey: Guid(73df724325e1b994785aed16858a7606) Importer(815301076,1909f56bfc062723c751e8b465ee728b)
Start importing Assets/UI/Mini tank img using Guid(73df724325e1b994785aed16858a7606) Importer(815301076,1909f56bfc062723c751e8b465ee728b)  -> (artifact id: 'e0ca261e16e548724412f49c0fe8f698') in 0.006917 seconds 
========================================================================
Received Import Request.
  Time since last request: 11.883823 seconds.
  path: Assets/UI/Mini tank img/Hull.png
  artifactKey: Guid(20d69060ba3b78841a70db29c96e8e84) Importer(815301076,1909f56bfc062723c751e8b465ee728b)
Start importing Assets/UI/Mini tank img/Hull.png using Guid(20d69060ba3b78841a70db29c96e8e84) Importer(815301076,1909f56bfc062723c751e8b465ee728b)  -> (artifact id: 'fbb5070db442cebb5a849b86d6a8bb86') in 0.054905 seconds 
========================================================================
Received Import Request.
  Time since last request: 17.114123 seconds.
  path: Assets/UI/Mini tank img/Hull.png
  artifactKey: Guid(20d69060ba3b78841a70db29c96e8e84) Importer(815301076,1909f56bfc062723c751e8b465ee728b)
Start importing Assets/UI/Mini tank img/Hull.png using Guid(20d69060ba3b78841a70db29c96e8e84) Importer(815301076,1909f56bfc062723c751e8b465ee728b)  -> (artifact id: 'c2fba1fcddb7f2b2320edbe36556f402') in 0.038825 seconds 
========================================================================
Received Import Request.
  Time since last request: 4.034952 seconds.
  path: Assets/UI/Mini tank img/Turret.png
  artifactKey: Guid(fb01725eb87329a4aa5c7f2113aa1400) Importer(815301076,1909f56bfc062723c751e8b465ee728b)
Start importing Assets/UI/Mini tank img/Turret.png using Guid(fb01725eb87329a4aa5c7f2113aa1400) Importer(815301076,1909f56bfc062723c751e8b465ee728b)  -> (artifact id: '121210cdbeff28e4bd35804f447ee08a') in 0.006073 seconds 
========================================================================
Received Import Request.
  Time since last request: 7.315420 seconds.
  path: Assets/UI/Mini tank img/Turret.png
  artifactKey: Guid(fb01725eb87329a4aa5c7f2113aa1400) Importer(815301076,1909f56bfc062723c751e8b465ee728b)
Start importing Assets/UI/Mini tank img/Turret.png using Guid(fb01725eb87329a4aa5c7f2113aa1400) Importer(815301076,1909f56bfc062723c751e8b465ee728b)  -> (artifact id: 'd0419c9f3106c1eda96530dd6e25ae09') in 0.009217 seconds 
========================================================================
Received Import Request.
  Time since last request: 27.831773 seconds.
  path: Assets/UI/Mini tank img/Hull_img.prefab
  artifactKey: Guid(46cd7e4e32129db4f85e5014826022a6) Importer(815301076,1909f56bfc062723c751e8b465ee728b)
Start importing Assets/UI/Mini tank img/Hull_img.prefab using Guid(46cd7e4e32129db4f85e5014826022a6) Importer(815301076,1909f56bfc062723c751e8b465ee728b)  -> (artifact id: 'f2c09a71aa647a3f635a5b67a4e2e51f') in 0.014309 seconds 
========================================================================
Received Import Request.
  Time since last request: 30.822168 seconds.
  path: Assets/UI/Mini tank img/Hull_img.prefab
  artifactKey: Guid(46cd7e4e32129db4f85e5014826022a6) Importer(815301076,1909f56bfc062723c751e8b465ee728b)
Start importing Assets/UI/Mini tank img/Hull_img.prefab using Guid(46cd7e4e32129db4f85e5014826022a6) Importer(815301076,1909f56bfc062723c751e8b465ee728b)  -> (artifact id: 'b3986d8427fa51a81d6910357e9d2fc6') in 0.002326 seconds 
========================================================================
Received Import Request.
  Time since last request: 16.725724 seconds.
  path: Assets/UI/Mini tank img/Turret_img.prefab
  artifactKey: Guid(139580fbed89af74cb3d33f367453851) Importer(815301076,1909f56bfc062723c751e8b465ee728b)
Start importing Assets/UI/Mini tank img/Turret_img.prefab using Guid(139580fbed89af74cb3d33f367453851) Importer(815301076,1909f56bfc062723c751e8b465ee728b)  -> (artifact id: 'b9ee00ad95ddb7e01e6039d90bafaf09') in 0.002454 seconds 
========================================================================
Received Import Request.
  Time since last request: 6.899477 seconds.
  path: Assets/UI/Mini tank img/Turret_img.prefab
  artifactKey: Guid(139580fbed89af74cb3d33f367453851) Importer(815301076,1909f56bfc062723c751e8b465ee728b)
Start importing Assets/UI/Mini tank img/Turret_img.prefab using Guid(139580fbed89af74cb3d33f367453851) Importer(815301076,1909f56bfc062723c751e8b465ee728b)  -> (artifact id: 'c143bd7602a0dd5ca37816ed18d0ddce') in 0.002426 seconds 
========================================================================
Received Import Request.
  Time since last request: 73.615752 seconds.
  path: Assets/Scripts/TankUIManager.cs
  artifactKey: Guid(de01d2927a0db4d458a953d4fe0fcfe9) Importer(815301076,1909f56bfc062723c751e8b465ee728b)
Start importing Assets/Scripts/TankUIManager.cs using Guid(de01d2927a0db4d458a953d4fe0fcfe9) Importer(815301076,1909f56bfc062723c751e8b465ee728b)  -> (artifact id: 'f845bc477f36a3b58a6ed0e78ab495ac') in 0.005358 seconds 
========================================================================
Received Prepare
Registering precompiled user dll's ...
Registered in 0.002218 seconds.
Begin MonoManager ReloadAssembly
Symbol file LoadedFromMemory doesn't match image D:\Копии проектов\Tanks2\Library\PackageCache\com.unity.visualscripting@1.8.0\Editor\VisualScripting.Core\Dependencies\YamlDotNet\Unity.VisualScripting.YamlDotNet.dll
Symbol file LoadedFromMemory doesn't match image D:\Копии проектов\Tanks2\Library\PackageCache\com.unity.visualscripting@1.8.0\Editor\VisualScripting.Core\Dependencies\DotNetZip\Unity.VisualScripting.IonicZip.dll
Native extension for WindowsStandalone target not found
Native extension for WebGL target not found
Refreshing native plugins compatible for Editor in 0.73 ms, found 3 plugins.
Preloading 0 native plugins for Editor in 0.00 ms.
Mono: successfully reloaded assembly
- Completed reload, in  0.796 seconds
Domain Reload Profiling:
	ReloadAssembly (796ms)
		BeginReloadAssembly (117ms)
			ExecutionOrderSort (0ms)
			DisableScriptedObjects (4ms)
			BackupInstance (0ms)
			ReleaseScriptingObjects (0ms)
			CreateAndSetChildDomain (36ms)
		EndReloadAssembly (613ms)
			LoadAssemblies (62ms)
			RebuildTransferFunctionScriptingTraits (0ms)
			SetupTypeCache (240ms)
			ReleaseScriptCaches (1ms)
			RebuildScriptCaches (36ms)
			SetupLoadedEditorAssemblies (243ms)
				LogAssemblyErrors (0ms)
				InitializePlatformSupportModulesInManaged (4ms)
				SetLoadedEditorAssemblies (0ms)
				RefreshPlugins (1ms)
				BeforeProcessingInitializeOnLoad (47ms)
				ProcessInitializeOnLoadAttributes (169ms)
				ProcessInitializeOnLoadMethodAttributes (19ms)
				AfterProcessingInitializeOnLoad (2ms)
				EditorAssembliesLoaded (0ms)
			ExecutionOrderSort2 (0ms)
			AwakeInstancesAfterBackupRestoration (5ms)
Platform modules already initialized, skipping
Shader 'Galactic Sudios/Ultra Emissive Particles': fallback shader 'ParticleAdditive' not found
Refreshing native plugins compatible for Editor in 1.34 ms, found 3 plugins.
Preloading 0 native plugins for Editor in 0.00 ms.
Unloading 3088 Unused Serialized files (Serialized files now loaded: 0)
Unloading 17 unused Assets / (80.4 KB). Loaded Objects now: 3583.
Memory consumption went from 114.4 MB to 114.3 MB.
Total: 3.455800 ms (FindLiveObjects: 0.296200 ms CreateObjectMapping: 0.198400 ms MarkObjects: 2.847700 ms  DeleteObjects: 0.111600 ms)

AssetImportParameters requested are different than current active one (requested -> active):
  custom:video-decoder-ogg-theora: a1e56fd34408186e4bbccfd4996cb3dc -> 
  custom:container-muxer-webm: aa71ff27fc2769a1b78a27578f13a17b -> 
  custom:container-demuxer-webm: 4f35f7cbe854078d1ac9338744f61a02 -> 
  custom:video-encoder-webm-vp8: eb34c28f22e8b96e1ab97ce403110664 -> 
  custom:audio-encoder-webm-vorbis: bf7c407c2cedff20999df2af8eb42d56 -> 
  custom:framework-win-MediaFoundation: 216162199b28c13a410421893ffa2e32 -> 
  custom:container-demuxer-ogg: 62fdf1f143b41e24485cea50d1cbac27 -> 
  custom:video-decoder-webm-vp8: 9c59270c3fd7afecdb556c50c9e8de78 -> 
  custom:audio-decoder-ogg-vorbis: bf7c407c2cedff20999df2af8eb42d56 -> 
========================================================================
Received Import Request.
  Time since last request: 43.237822 seconds.
  path: Assets/Shells/Prefabs/AP_bull.prefab
  artifactKey: Guid(2e8a1fc65ae179d408a7bd4a047d24a8) Importer(815301076,1909f56bfc062723c751e8b465ee728b)
Start importing Assets/Shells/Prefabs/AP_bull.prefab using Guid(2e8a1fc65ae179d408a7bd4a047d24a8) Importer(815301076,1909f56bfc062723c751e8b465ee728b)  -> (artifact id: '186f5491dd555fc18830226fa6ba908c') in 0.102506 seconds 
========================================================================
Received Import Request.
  Time since last request: 0.000023 seconds.
  path: Assets/Shells/Prefabs/APHE_bull.prefab
  artifactKey: Guid(799e9481802177946b88c2389ef08250) Importer(815301076,1909f56bfc062723c751e8b465ee728b)
Start importing Assets/Shells/Prefabs/APHE_bull.prefab using Guid(799e9481802177946b88c2389ef08250) Importer(815301076,1909f56bfc062723c751e8b465ee728b)  -> (artifact id: '29aab93cce1bddea3625f4cdf2f9d22c') in 0.022614 seconds 
========================================================================
Received Import Request.
  Time since last request: 0.000030 seconds.
  path: Assets/Shells/Prefabs/Bullet1.prefab
  artifactKey: Guid(05026c8b3932bd84ba06ee36fe12eaf3) Importer(815301076,1909f56bfc062723c751e8b465ee728b)
Start importing Assets/Shells/Prefabs/Bullet1.prefab using Guid(05026c8b3932bd84ba06ee36fe12eaf3) Importer(815301076,1909f56bfc062723c751e8b465ee728b)  -> (artifact id: '255ccfe0252279652bc9dadd060ac62e') in 0.013438 seconds 
========================================================================
Received Import Request.
  Time since last request: 0.000027 seconds.
  path: Assets/Shells/Prefabs/He_bull.prefab
  artifactKey: Guid(8c9656b40f672904e80e868ad5a2c8d3) Importer(815301076,1909f56bfc062723c751e8b465ee728b)
Start importing Assets/Shells/Prefabs/He_bull.prefab using Guid(8c9656b40f672904e80e868ad5a2c8d3) Importer(815301076,1909f56bfc062723c751e8b465ee728b)  -> (artifact id: 'd64099248ba0f28f7d297d591bc896c4') in 0.024022 seconds 
========================================================================
Received Import Request.
  Time since last request: 0.000014 seconds.
  path: Assets/Shells/Prefabs/He_bull 1.prefab
  artifactKey: Guid(9ad6f926ba0414a4abe9a72e0d622386) Importer(815301076,1909f56bfc062723c751e8b465ee728b)
Start importing Assets/Shells/Prefabs/He_bull 1.prefab using Guid(9ad6f926ba0414a4abe9a72e0d622386) Importer(815301076,1909f56bfc062723c751e8b465ee728b)  -> (artifact id: '3110c1bc0d2c1a6402f585f16f43fb1d') in 0.014476 seconds 
Editor requested this worker to shutdown with reason: Scaling down because of idle timeout
AssetImportWorker is now disconnected from the server
Process exiting
Exiting without the bug reporter. Application will terminate with return code 0